<?xml version="1.0" encoding="UTF-8"?>
<testng-results ignored="0" total="1" passed="1" failed="0" skipped="0">
  <reporter-output>
  </reporter-output>
  <suite started-at="2024-01-12T15:01:13 IST" name="Suite" finished-at="2024-01-12T15:01:26 IST" duration-ms="12907">
    <groups>
    </groups>
    <test started-at="2024-01-12T15:01:13 IST" name="Test" finished-at="2024-01-12T15:01:26 IST" duration-ms="12907">
      <class name="demopack.ParametrizationDropDown">
        <test-method is-config="true" signature="beforeTest()[pri:0, instance:demopack.ParametrizationDropDown@59474f18]" started-at="2024-01-12T15:01:13 IST" name="beforeTest" finished-at="2024-01-12T15:01:15 IST" duration-ms="2664" status="PASS">
          <reporter-output>
          </reporter-output>
        </test-method> <!-- beforeTest -->
        <test-method signature="f(java.lang.String)[pri:0, instance:demopack.ParametrizationDropDown@59474f18]" started-at="2024-01-12T15:01:15 IST" name="f" finished-at="2024-01-12T15:01:26 IST" duration-ms="10116" status="PASS">
          <params>
            <param index="0">
              <value>
                <![CDATA[Java]]>
              </value>
            </param>
          </params>
          <reporter-output>
          </reporter-output>
        </test-method> <!-- f -->
        <test-method is-config="true" signature="afterTest()[pri:0, instance:demopack.ParametrizationDropDown@59474f18]" started-at="2024-01-12T15:01:26 IST" name="afterTest" finished-at="2024-01-12T15:01:26 IST" duration-ms="94" status="PASS">
          <reporter-output>
          </reporter-output>
        </test-method> <!-- afterTest -->
      </class> <!-- demopack.ParametrizationDropDown -->
    </test> <!-- Test -->
  </suite> <!-- Suite -->
</testng-results>
